<?xml version="1.0" encoding="UTF-8"?>
<!-- Generated by org.testng.reporters.JUnitReportReporter -->
<testsuite hostname="ANUMANTHU-PC" failures="0" tests="1" name="academy.AssertionTestCase" time="36.091" errors="0" timestamp="22 Aug 2018 16:44:17 GMT">
  <testcase classname="academy.AssertionTestCase" name="basePageNavigation" time="36.091"/>
</testsuite> <!-- academy.AssertionTestCase -->
