<?xml version="1.0" encoding="UTF-8"?>
<!-- Generated by org.testng.reporters.JUnitReportReporter -->
<testsuite hostname="IN2-1018546LT1" failures="0" tests="4" name="utils.TestUtil" time="0.008" errors="0" timestamp="11 Nov 2018 13:44:34 GMT" skipped="0">
  <testcase classname="utils.TestUtil" name="printuseridpassord" time="0.001"/>
  <testcase classname="utils.TestUtil" name="printuseridpassord" time="0.001"/>
  <testcase classname="utils.TestUtil" name="printuseridpassord" time="0.000"/>
  <testcase classname="utils.TestUtil" name="printuseridpassord" time="0.006"/>
</testsuite> <!-- utils.TestUtil -->
