<?xml version="1.0" encoding="UTF-8"?>
<!-- Generated by org.testng.reporters.JUnitReportReporter -->
<testsuite hostname="IN2-1018546LT1" failures="0" tests="1" name="academy.AssertionTestCase" time="29.776" errors="0" timestamp="16 Nov 2018 16:53:29 GMT" skipped="0">
  <testcase classname="academy.AssertionTestCase" name="basePageNavigation" time="29.776"/>
</testsuite> <!-- academy.AssertionTestCase -->
