<?xml version="1.0" encoding="UTF-8"?>
<!-- Generated by org.testng.reporters.JUnitReportReporter -->
<testsuite hostname="IN2-1018546LT1" failures="0" tests="4" name="academy.HomePage" time="148.399" errors="0" timestamp="16 Nov 2018 16:53:29 GMT" skipped="0">
  <testcase classname="academy.HomePage" name="initialize" time="36.578"/>
  <testcase classname="academy.HomePage" name="initialize" time="36.733"/>
  <testcase classname="academy.HomePage" name="initialize" time="38.250"/>
  <testcase classname="academy.HomePage" name="initialize" time="36.838"/>
</testsuite> <!-- academy.HomePage -->
