<?xml version="1.0" encoding="UTF-8"?>
<!-- Generated by org.testng.reporters.JUnitReportReporter -->
<testsuite hostname="ANUMANTHU-PC" failures="0" tests="1" name="academy.FaceBookPrintFriends" time="20.008" errors="0" timestamp="27 Aug 2018 16:35:21 GMT">
  <testcase classname="academy.FaceBookPrintFriends" name="login" time="20.008"/>
</testsuite> <!-- academy.FaceBookPrintFriends -->
