<?xml version="1.0" encoding="UTF-8"?>
<!-- Generated by org.testng.reporters.JUnitReportReporter -->
<testsuite hostname="ANUMANTHU-PC" failures="0" tests="1" name="academy.AssertionTestCase" time="31.716" errors="0" timestamp="23 Aug 2018 15:46:46 GMT">
  <testcase classname="academy.AssertionTestCase" name="basePageNavigation" time="31.716"/>
</testsuite> <!-- academy.AssertionTestCase -->
