<?xml version="1.0" encoding="UTF-8"?>
<!-- Generated by org.testng.reporters.JUnitReportReporter -->
<testsuite hostname="IN2-1018546LT1" failures="0" tests="2" name="academy.FaceBookPrintFriends" time="190.293" errors="0" timestamp="3 Nov 2018 07:21:09 GMT">
  <testcase classname="academy.FaceBookPrintFriends" name="login" time="19.232"/>
  <testcase classname="academy.FaceBookPrintFriends" name="printFriendsList" time="171.061"/>
</testsuite> <!-- academy.FaceBookPrintFriends -->
